12:55:17: Executing 'build'…


> Configure project :Common
Targeting Minecraft '1.21.1' on a 'JOINED' platform

> Configure project :Fabric
Fabric Loom: 1.8.13

> Task :Common:compileJava FAILED
/home/ryvione/Documents/Mods/chunkbychunk/Common/src/main/java/xyz/immortius/chunkbychunk/common/util/ChangeDimensionHelper.java:5: error: cannot find symbol
import net.minecraft.world.level.dimension.DimensionTransition;
                                          ^
  symbol:   class DimensionTransition
  location: package net.minecraft.world.level.dimension
/home/ryvione/Documents/Mods/chunkbychunk/Common/src/main/java/xyz/immortius/chunkbychunk/mixins/ChunkMapMixin.java:52: error: cannot find symbol
    public void onFullStatusChange(ChunkPos pos, ChunkHolder.ChunkState status, CallbackInfo ci) {
                                                            ^
  symbol:   class ChunkState
  location: class ChunkHolder
/home/ryvione/Documents/Mods/chunkbychunk/Common/src/main/java/xyz/immortius/chunkbychunk/server/world/ChunkSpawnController.java:28: error: cannot find symbol
import net.minecraft.world.level.chunk.ChunkStatus;
                                      ^
  symbol:   class ChunkStatus
  location: package net.minecraft.world.level.chunk
/home/ryvione/Documents/Mods/chunkbychunk/Common/src/main/java/xyz/immortius/chunkbychunk/server/world/ChunkSpawnController.java:33: error: cannot find symbol
import net.minecraft.world.level.storage.DataFixTypes;
                                        ^
  symbol:   class DataFixTypes
  location: package net.minecraft.world.level.storage
/home/ryvione/Documents/Mods/chunkbychunk/Common/src/main/java/xyz/immortius/chunkbychunk/server/world/SkyChunkGenerator.java:172: error: incompatible types: StructureTemplateManager cannot be converted to StructureManager
            case Sealed -> parent.fillFromNoise(blender, randomState, structureManager, chunk).whenCompleteAsync((chunkAccess, throwable) -> {
                                                                      ^
/home/ryvione/Documents/Mods/chunkbychunk/Common/src/main/java/xyz/immortius/chunkbychunk/server/world/SkyChunkGenerator.java:214: error: incompatible types: Executor cannot be converted to RandomState
            return parent.createBiomes(executor, blender, randomState, chunk);
                                       ^
/home/ryvione/Documents/Mods/chunkbychunk/Common/src/main/java/xyz/immortius/chunkbychunk/server/world/SkyChunkGenerator.java:225: error: method does not override or implement a method from a supertype
    @Override
    ^
/home/ryvione/Documents/Mods/chunkbychunk/Common/src/main/java/xyz/immortius/chunkbychunk/server/world/SkyChunkGenerator.java:230: error: method does not override or implement a method from a supertype
    @Override
    ^
/home/ryvione/Documents/Mods/chunkbychunk/Common/src/main/java/xyz/immortius/chunkbychunk/server/world/SkyChunkGenerator.java:254: error: incompatible types: StructureTemplateManager cannot be converted to StructureManager
        return parent.getMobsAt(biome, structureManager, mobCategory, pos);
                                       ^
/home/ryvione/Documents/Mods/chunkbychunk/Common/src/main/java/xyz/immortius/chunkbychunk/server/world/SkyChunkGenerator.java:258: error: method createStructures in class ChunkGenerator cannot be applied to given types;
        parent.createStructures(registry, structureManager, chunk, templateManager);
              ^
  required: RegistryAccess,ChunkGeneratorStructureState,StructureManager,ChunkAccess,StructureTemplateManager
  found:    RegistryAccess,StructureTemplateManager,ChunkAccess,StructureTemplateManager
  reason: actual and formal argument lists differ in length
/home/ryvione/Documents/Mods/chunkbychunk/Common/src/main/java/xyz/immortius/chunkbychunk/server/world/SkyChunkGenerator.java:262: error: incompatible types: StructureTemplateManager cannot be converted to StructureManager
        parent.createReferences(level, structureManager, chunk);
                                       ^
/home/ryvione/Documents/Mods/chunkbychunk/Common/src/main/java/xyz/immortius/chunkbychunk/server/world/SkyChunkGenerator.java:300: error: method does not override or implement a method from a supertype
    @Override
    ^
/home/ryvione/Documents/Mods/chunkbychunk/Common/src/main/java/xyz/immortius/chunkbychunk/common/jei/WorldForgeRecipeCategory.java:62: warning: [removal] getBackground() in IRecipeCategory has been deprecated and marked for removal
    public IDrawable getBackground() {
                     ^
/home/ryvione/Documents/Mods/chunkbychunk/Common/src/main/java/xyz/immortius/chunkbychunk/common/jei/WorldMenderRecipeCategory.java:46: warning: [removal] getBackground() in IRecipeCategory has been deprecated and marked for removal
    public IDrawable getBackground() {
                     ^
/home/ryvione/Documents/Mods/chunkbychunk/Common/src/main/java/xyz/immortius/chunkbychunk/common/jei/WorldScannerRecipeCategory.java:58: warning: [removal] getBackground() in IRecipeCategory has been deprecated and marked for removal
    public IDrawable getBackground() {
                     ^
/home/ryvione/Documents/Mods/chunkbychunk/Common/src/main/java/xyz/immortius/chunkbychunk/common/util/ChangeDimensionHelper.java:25: error: cannot find symbol
        DimensionTransition transition = new DimensionTransition(level, pos, Vec3.ZERO, 0.0F, 0.0F);
        ^
  symbol:   class DimensionTransition
  location: class ChangeDimensionHelper
/home/ryvione/Documents/Mods/chunkbychunk/Common/src/main/java/xyz/immortius/chunkbychunk/common/util/ChangeDimensionHelper.java:25: error: cannot find symbol
        DimensionTransition transition = new DimensionTransition(level, pos, Vec3.ZERO, 0.0F, 0.0F);
                                             ^
  symbol:   class DimensionTransition
  location: class ChangeDimensionHelper
/home/ryvione/Documents/Mods/chunkbychunk/Common/src/main/java/xyz/immortius/chunkbychunk/mixins/ChunkMapMixin.java:53: error: cannot find symbol
        if (ChunkByChunkConfig.get().getGeneration().isSpawnChunkStrip() && status.isOrAfter(ChunkHolder.ChunkState.ENTITY_TICKING) && level.dimension().equals(Level.OVERWORLD) && new ChunkPos(level.getSharedSpawnPos()).x == pos.x) {
                                                                                                        ^
  symbol:   variable ChunkState
  location: class ChunkHolder
/home/ryvione/Documents/Mods/chunkbychunk/Common/src/main/java/xyz/immortius/chunkbychunk/server/world/ChunkSpawnController.java:66: error: cannot find symbol
        return server.getLevel(Level.OVERWORLD).getChunkSource().getDataStorage().computeIfAbsent(new SavedData.Factory<ChunkSpawnController>(() -> new ChunkSpawnController(server), (tag, provider) -> ChunkSpawnController.load(server, tag, provider), DataFixTypes.LEVEL), "chunkspawncontroller");
                                                                                                                                                                                                                                                           ^
  symbol:   variable DataFixTypes
  location: class ChunkSpawnController
/home/ryvione/Documents/Mods/chunkbychunk/Common/src/main/java/xyz/immortius/chunkbychunk/server/world/ChunkSpawnController.java:89: error: cannot find symbol
            sourceChunkFuture = sourceLevel.getChunkSource().getChunkFuture(currentSpawnRequest.sourceChunkPos().x, currentSpawnRequest.sourceChunkPos().z, ChunkStatus.FULL, true);
                                                                                                                                                            ^
  symbol:   variable ChunkStatus
  location: class ChunkSpawnController
/home/ryvione/Documents/Mods/chunkbychunk/Common/src/main/java/xyz/immortius/chunkbychunk/server/world/ChunkSpawnController.java:168: error: cannot find symbol
            sourceChunkFuture = sourceLevel.getChunkSource().getChunkFuture(currentSpawnRequest.sourceChunkPos().x, currentSpawnRequest.sourceChunkPos().z, ChunkStatus.FULL, true);
                                                                                                                                                            ^
  symbol:   variable ChunkStatus
  location: class ChunkSpawnController
/home/ryvione/Documents/Mods/chunkbychunk/Common/src/main/java/xyz/immortius/chunkbychunk/server/world/ChunkSpawnController.java:249: error: incompatible types: PalettedContainerRO<Holder<Biome>> cannot be converted to PalettedContainer<Holder<Biome>>
            PalettedContainer<Holder<Biome>> targetBiomes = levelChunk.getSections()[targetIndex].getBiomes();
                                                                                                           ^
/home/ryvione/Documents/Mods/chunkbychunk/Common/src/main/java/xyz/immortius/chunkbychunk/server/world/ChestTracker.java:32: error: cannot find symbol
            new SavedData.Factory<ChestTracker>(() -> new ChestTracker(server), (tag, provider) -> ChestTracker.load(server, tag, provider), DataFixTypes.LEVEL),
                                                                                                                                             ^
  symbol:   variable DataFixTypes
  location: class ChestTracker
/home/ryvione/Documents/Mods/chunkbychunk/Common/src/main/java/xyz/immortius/chunkbychunk/server/ServerEventHandler.java:117: error: cannot find symbol
        WorldGenSettings worldGenSettings = server.getWorldData().worldGenSettings();
                                                                 ^
  symbol:   method worldGenSettings()
  location: interface WorldData
/home/ryvione/Documents/Mods/chunkbychunk/Common/src/main/java/xyz/immortius/chunkbychunk/server/ServerEventHandler.java:118: error: incompatible types: WorldDimensions cannot be converted to MappedRegistry<LevelStem>
        MappedRegistry<LevelStem> dimensions = (MappedRegistry<LevelStem>) worldGenSettings.dimensions();
                                                                                                      ^
/home/ryvione/Documents/Mods/chunkbychunk/Common/src/main/java/xyz/immortius/chunkbychunk/server/ServerEventHandler.java:140: error: cannot find symbol
                if (DimensionType.getTeleportationScale(synchDim.typeHolder().value(), dimension.typeHolder().value()) > 1) {
                                                                ^
  symbol:   method typeHolder()
  location: variable synchDim of type LevelStem
/home/ryvione/Documents/Mods/chunkbychunk/Common/src/main/java/xyz/immortius/chunkbychunk/server/ServerEventHandler.java:140: error: cannot find symbol
                if (DimensionType.getTeleportationScale(synchDim.typeHolder().value(), dimension.typeHolder().value()) > 1) {
                                                                                                ^
  symbol:   method typeHolder()
  location: variable dimension of type LevelStem
/home/ryvione/Documents/Mods/chunkbychunk/Common/src/main/java/xyz/immortius/chunkbychunk/server/ServerEventHandler.java:174: error: cannot find symbol
        Holder<DimensionType> themeDimensionType = level.typeHolder();
                                                        ^
  symbol:   method typeHolder()
  location: variable level of type LevelStem
/home/ryvione/Documents/Mods/chunkbychunk/Common/src/main/java/xyz/immortius/chunkbychunk/server/ServerEventHandler.java:176: error: incompatible types: Optional<Reference<DimensionType>> cannot be converted to Optional<Holder<DimensionType>>
            Optional<Holder<DimensionType>> holder = dimensionTypeRegistry.getHolder(ResourceKey.create(Registries.DIMENSION_TYPE, ResourceLocation.parse(config.biomeThemeDimensionType)));
                                                                                    ^
/home/ryvione/Documents/Mods/chunkbychunk/Common/src/main/java/xyz/immortius/chunkbychunk/server/ServerEventHandler.java:195: error: cannot find symbol
            generationLevel = new LevelStem(level.typeHolder(), rootGenerator);
                                                 ^
  symbol:   method typeHolder()
  location: variable level of type LevelStem
/home/ryvione/Documents/Mods/chunkbychunk/Common/src/main/java/xyz/immortius/chunkbychunk/server/ServerEventHandler.java:196: error: incompatible types: Lifecycle cannot be converted to RegistrationInfo
            dimensions.register(genLevelId, generationLevel, Lifecycle.stable());
                                                                             ^
/home/ryvione/Documents/Mods/chunkbychunk/Common/src/main/java/xyz/immortius/chunkbychunk/server/ServerEventHandler.java:202: error: cannot find symbol
            LevelStem newLevelStem = new LevelStem(level.typeHolder(), skyGenerator);
                                                        ^
  symbol:   method typeHolder()
  location: variable level of type LevelStem
/home/ryvione/Documents/Mods/chunkbychunk/Common/src/main/java/xyz/immortius/chunkbychunk/server/ServerEventHandler.java:204: error: cannot find symbol
            dimensions.registerOrOverride(OptionalInt.of(dimensionsId), ResourceKey.create(Registries.LEVEL_STEM, ResourceLocation.parse(config.dimensionId)), newLevelStem, Lifecycle.stable());
                      ^
  symbol:   method registerOrOverride(OptionalInt,ResourceKey<LevelStem>,LevelStem,Lifecycle)
  location: variable dimensions of type MappedRegistry<LevelStem>
/home/ryvione/Documents/Mods/chunkbychunk/Common/src/main/java/xyz/immortius/chunkbychunk/server/ServerEventHandler.java:238: error: cannot find symbol
            source = new MultiNoiseBiomeSource.Preset(biomeDimId, biomeReg -> {
                                              ^
  symbol:   class Preset
  location: class MultiNoiseBiomeSource
/home/ryvione/Documents/Mods/chunkbychunk/Common/src/main/java/xyz/immortius/chunkbychunk/server/ServerEventHandler.java:242: error: invalid method reference
                        builder.add(pair.mapSecond(biomeRegistry::getOrCreateHolder));
                                                   ^
  cannot find symbol
    symbol:   method getOrCreateHolder()
    location: interface WritableRegistry<Biome>
/home/ryvione/Documents/Mods/chunkbychunk/Common/src/main/java/xyz/immortius/chunkbychunk/server/ServerEventHandler.java:248: error: constructor NoiseBasedChunkGenerator in class NoiseBasedChunkGenerator cannot be applied to given types;
        LevelStem biomeLevel = new LevelStem(themeDimensionType, new NoiseBasedChunkGenerator(((ChunkGeneratorStructureAccessor) rootGenerator).getStructureSet(), ChunkGeneratorAccess.getNoiseParamsRegistry(rootGenerator), source, ChunkGeneratorAccess.getSeed(rootGenerator), ChunkGeneratorAccess.getNoiseGeneratorSettings(rootGenerator)));
                                                                 ^
  required: BiomeSource,Holder<NoiseGeneratorSettings>
  found:    Registry<StructureSet>,Registry<NoiseParameters>,BiomeSource,long,Holder<NoiseGeneratorSettings>
  reason: actual and formal argument lists differ in length
/home/ryvione/Documents/Mods/chunkbychunk/Common/src/main/java/xyz/immortius/chunkbychunk/server/ServerEventHandler.java:249: error: cannot find symbol
        dimensions.registerOrOverride(OptionalInt.empty(), levelKey, biomeLevel, Lifecycle.stable());
                  ^
  symbol:   method registerOrOverride(OptionalInt,ResourceKey<LevelStem>,LevelStem,Lifecycle)
  location: variable dimensions of type MappedRegistry<LevelStem>
/home/ryvione/Documents/Mods/chunkbychunk/Common/src/main/java/xyz/immortius/chunkbychunk/server/ServerEventHandler.java:347: error: cannot find symbol
                Pair<BlockPos, Holder<Biome>> location = overworldLevel.findNearestBiome(x -> tagSet.get().contains(x), spawnPos, 6400, 8);
                                                                       ^
  symbol:   method findNearestBiome((x)->tagSe[...]ns(x),BlockPos,int,int)
  location: variable overworldLevel of type ServerLevel
/home/ryvione/Documents/Mods/chunkbychunk/Common/src/main/java/xyz/immortius/chunkbychunk/server/ServerEventHandler.java:358: error: cannot find symbol
                Pair<BlockPos, Holder<Biome>> location = overworldLevel.findNearestBiome(x -> x.value().equals(biome), spawnPos, 6400, 8);
                                                                       ^
  symbol:   method findNearestBiome((x)->x.val[...]iome),BlockPos,int,int)
  location: variable overworldLevel of type ServerLevel
/home/ryvione/Documents/Mods/chunkbychunk/Common/src/main/java/xyz/immortius/chunkbychunk/server/ServerEventHandler.java:375: error: cannot find symbol
            Pair<BlockPos, Holder<Structure>> nearest = generationLevel.getChunkSource().getGenerator().findNearestMapFeature(generationLevel, holders, spawnPos, 100, false);
                                                                                                       ^
  symbol:   method findNearestMapFeature(ServerLevel,HolderSet<Structure>,BlockPos,int,boolean)
  location: class ChunkGenerator
/home/ryvione/Documents/Mods/chunkbychunk/Common/src/main/java/xyz/immortius/chunkbychunk/server/ServerEventHandler.java:426: error: cannot find symbol
        Map<ResourceLocation, Resource> resources = resourceManager.listResources(ChunkByChunkConstants.SCANNER_DATA_PATH, r -> !r.getPath().isEmpty() && !ChunkByChunkConstants.SCANNER_DATA_PATH.equals(r.getPath()));
                              ^
  symbol:   class Resource
  location: class ServerEventHandler
/home/ryvione/Documents/Mods/chunkbychunk/Common/src/main/java/xyz/immortius/chunkbychunk/server/ServerEventHandler.java:427: error: cannot find symbol
        for (Map.Entry<ResourceLocation, Resource> entry : resources.entrySet()) {
                                         ^
  symbol:   class Resource
  location: class ServerEventHandler
/home/ryvione/Documents/Mods/chunkbychunk/Common/src/main/java/xyz/immortius/chunkbychunk/server/ServerEventHandler.java:429: error: cannot find symbol
            Resource resource = entry.getValue();
            ^
  symbol:   class Resource
  location: class ServerEventHandler
Note: Some messages have been simplified; recompile with -Xdiags:verbose to get full output
40 errors
3 warnings

[Incubating] Problems report is available at: file:///home/ryvione/Documents/Mods/chunkbychunk/build/reports/problems/problems-report.html

Deprecated Gradle features were used in this build, making it incompatible with Gradle 9.0.

You can use '--warning-mode all' to show the individual deprecation warnings and determine if they come from your own scripts or plugins.

For more on this, please refer to https://docs.gradle.org/8.14/userguide/command_line_interface.html#sec:command_line_warnings in the Gradle documentation.
1 actionable task: 1 executed

FAILURE: Build failed with an exception.

* What went wrong:
Execution failed for task ':Common:compileJava'.
> Compilation failed; see the compiler output below.
  /home/ryvione/Documents/Mods/chunkbychunk/Common/src/main/java/xyz/immortius/chunkbychunk/server/world/SkyChunkGenerator.java:258: error: method createStructures in class ChunkGenerator cannot be applied to given types;
          parent.createStructures(registry, structureManager, chunk, templateManager);
                ^
    required: RegistryAccess,ChunkGeneratorStructureState,StructureManager,ChunkAccess,StructureTemplateManager
    found:    RegistryAccess,StructureTemplateManager,ChunkAccess,StructureTemplateManager
    reason: actual and formal argument lists differ in length
  /home/ryvione/Documents/Mods/chunkbychunk/Common/src/main/java/xyz/immortius/chunkbychunk/server/ServerEventHandler.java:248: error: constructor NoiseBasedChunkGenerator in class NoiseBasedChunkGenerator cannot be applied to given types;
          LevelStem biomeLevel = new LevelStem(themeDimensionType, new NoiseBasedChunkGenerator(((ChunkGeneratorStructureAccessor) rootGenerator).getStructureSet(), ChunkGeneratorAccess.getNoiseParamsRegistry(rootGenerator), source, ChunkGeneratorAccess.getSeed(rootGenerator), ChunkGeneratorAccess.getNoiseGeneratorSettings(rootGenerator)));
                                                                   ^
    required: BiomeSource,Holder<NoiseGeneratorSettings>
    found:    Registry<StructureSet>,Registry<NoiseParameters>,BiomeSource,long,Holder<NoiseGeneratorSettings>
    reason: actual and formal argument lists differ in length
  /home/ryvione/Documents/Mods/chunkbychunk/Common/src/main/java/xyz/immortius/chunkbychunk/server/ServerEventHandler.java:242: error: invalid method reference
                          builder.add(pair.mapSecond(biomeRegistry::getOrCreateHolder));
                                                     ^
    cannot find symbol
      symbol:   method getOrCreateHolder()
      location: interface WritableRegistry<Biome>
  /home/ryvione/Documents/Mods/chunkbychunk/Common/src/main/java/xyz/immortius/chunkbychunk/server/world/SkyChunkGenerator.java:172: error: incompatible types: StructureTemplateManager cannot be converted to StructureManager
              case Sealed -> parent.fillFromNoise(blender, randomState, structureManager, chunk).whenCompleteAsync((chunkAccess, throwable) -> {
                                                                        ^
  /home/ryvione/Documents/Mods/chunkbychunk/Common/src/main/java/xyz/immortius/chunkbychunk/server/world/SkyChunkGenerator.java:214: error: incompatible types: Executor cannot be converted to RandomState
              return parent.createBiomes(executor, blender, randomState, chunk);
                                         ^
  /home/ryvione/Documents/Mods/chunkbychunk/Common/src/main/java/xyz/immortius/chunkbychunk/server/world/SkyChunkGenerator.java:254: error: incompatible types: StructureTemplateManager cannot be converted to StructureManager
          return parent.getMobsAt(biome, structureManager, mobCategory, pos);
                                         ^
  /home/ryvione/Documents/Mods/chunkbychunk/Common/src/main/java/xyz/immortius/chunkbychunk/server/world/SkyChunkGenerator.java:262: error: incompatible types: StructureTemplateManager cannot be converted to StructureManager
          parent.createReferences(level, structureManager, chunk);
                                         ^
  /home/ryvione/Documents/Mods/chunkbychunk/Common/src/main/java/xyz/immortius/chunkbychunk/server/world/ChunkSpawnController.java:249: error: incompatible types: PalettedContainerRO<Holder<Biome>> cannot be converted to PalettedContainer<Holder<Biome>>
              PalettedContainer<Holder<Biome>> targetBiomes = levelChunk.getSections()[targetIndex].getBiomes();
                                                                                                             ^
  /home/ryvione/Documents/Mods/chunkbychunk/Common/src/main/java/xyz/immortius/chunkbychunk/server/ServerEventHandler.java:118: error: incompatible types: WorldDimensions cannot be converted to MappedRegistry<LevelStem>
          MappedRegistry<LevelStem> dimensions = (MappedRegistry<LevelStem>) worldGenSettings.dimensions();
                                                                                                        ^
  /home/ryvione/Documents/Mods/chunkbychunk/Common/src/main/java/xyz/immortius/chunkbychunk/server/ServerEventHandler.java:176: error: incompatible types: Optional<Reference<DimensionType>> cannot be converted to Optional<Holder<DimensionType>>
              Optional<Holder<DimensionType>> holder = dimensionTypeRegistry.getHolder(ResourceKey.create(Registries.DIMENSION_TYPE, ResourceLocation.parse(config.biomeThemeDimensionType)));
                                                                                      ^
  /home/ryvione/Documents/Mods/chunkbychunk/Common/src/main/java/xyz/immortius/chunkbychunk/server/ServerEventHandler.java:196: error: incompatible types: Lifecycle cannot be converted to RegistrationInfo
              dimensions.register(genLevelId, generationLevel, Lifecycle.stable());
                                                                               ^
  /home/ryvione/Documents/Mods/chunkbychunk/Common/src/main/java/xyz/immortius/chunkbychunk/common/util/ChangeDimensionHelper.java:5: error: cannot find symbol
  import net.minecraft.world.level.dimension.DimensionTransition;
                                            ^
    symbol:   class DimensionTransition
    location: package net.minecraft.world.level.dimension
  /home/ryvione/Documents/Mods/chunkbychunk/Common/src/main/java/xyz/immortius/chunkbychunk/mixins/ChunkMapMixin.java:52: error: cannot find symbol
      public void onFullStatusChange(ChunkPos pos, ChunkHolder.ChunkState status, CallbackInfo ci) {
                                                              ^
    symbol:   class ChunkState
    location: class ChunkHolder
  /home/ryvione/Documents/Mods/chunkbychunk/Common/src/main/java/xyz/immortius/chunkbychunk/server/world/ChunkSpawnController.java:28: error: cannot find symbol
  import net.minecraft.world.level.chunk.ChunkStatus;
                                        ^
    symbol:   class ChunkStatus
    location: package net.minecraft.world.level.chunk
  /home/ryvione/Documents/Mods/chunkbychunk/Common/src/main/java/xyz/immortius/chunkbychunk/server/world/ChunkSpawnController.java:33: error: cannot find symbol
  import net.minecraft.world.level.storage.DataFixTypes;
                                          ^
    symbol:   class DataFixTypes
    location: package net.minecraft.world.level.storage
  /home/ryvione/Documents/Mods/chunkbychunk/Common/src/main/java/xyz/immortius/chunkbychunk/common/util/ChangeDimensionHelper.java:25: error: cannot find symbol
          DimensionTransition transition = new DimensionTransition(level, pos, Vec3.ZERO, 0.0F, 0.0F);
          ^
    symbol:   class DimensionTransition
    location: class ChangeDimensionHelper
  /home/ryvione/Documents/Mods/chunkbychunk/Common/src/main/java/xyz/immortius/chunkbychunk/common/util/ChangeDimensionHelper.java:25: error: cannot find symbol
          DimensionTransition transition = new DimensionTransition(level, pos, Vec3.ZERO, 0.0F, 0.0F);
                                               ^
    symbol:   class DimensionTransition
    location: class ChangeDimensionHelper
  /home/ryvione/Documents/Mods/chunkbychunk/Common/src/main/java/xyz/immortius/chunkbychunk/mixins/ChunkMapMixin.java:53: error: cannot find symbol
          if (ChunkByChunkConfig.get().getGeneration().isSpawnChunkStrip() && status.isOrAfter(ChunkHolder.ChunkState.ENTITY_TICKING) && level.dimension().equals(Level.OVERWORLD) && new ChunkPos(level.getSharedSpawnPos()).x == pos.x) {
                                                                                                          ^
    symbol:   variable ChunkState
    location: class ChunkHolder
  /home/ryvione/Documents/Mods/chunkbychunk/Common/src/main/java/xyz/immortius/chunkbychunk/server/world/ChunkSpawnController.java:66: error: cannot find symbol
          return server.getLevel(Level.OVERWORLD).getChunkSource().getDataStorage().computeIfAbsent(new SavedData.Factory<ChunkSpawnController>(() -> new ChunkSpawnController(server), (tag, provider) -> ChunkSpawnController.load(server, tag, provider), DataFixTypes.LEVEL), "chunkspawncontroller");
                                                                                                                                                                                                                                                             ^
    symbol:   variable DataFixTypes
    location: class ChunkSpawnController
  /home/ryvione/Documents/Mods/chunkbychunk/Common/src/main/java/xyz/immortius/chunkbychunk/server/world/ChunkSpawnController.java:89: error: cannot find symbol
              sourceChunkFuture = sourceLevel.getChunkSource().getChunkFuture(currentSpawnRequest.sourceChunkPos().x, currentSpawnRequest.sourceChunkPos().z, ChunkStatus.FULL, true);
                                                                                                                                                              ^
    symbol:   variable ChunkStatus
    location: class ChunkSpawnController
  /home/ryvione/Documents/Mods/chunkbychunk/Common/src/main/java/xyz/immortius/chunkbychunk/server/world/ChunkSpawnController.java:168: error: cannot find symbol
              sourceChunkFuture = sourceLevel.getChunkSource().getChunkFuture(currentSpawnRequest.sourceChunkPos().x, currentSpawnRequest.sourceChunkPos().z, ChunkStatus.FULL, true);
                                                                                                                                                              ^
    symbol:   variable ChunkStatus
    location: class ChunkSpawnController
  /home/ryvione/Documents/Mods/chunkbychunk/Common/src/main/java/xyz/immortius/chunkbychunk/server/world/ChestTracker.java:32: error: cannot find symbol
              new SavedData.Factory<ChestTracker>(() -> new ChestTracker(server), (tag, provider) -> ChestTracker.load(server, tag, provider), DataFixTypes.LEVEL),
                                                                                                                                               ^
    symbol:   variable DataFixTypes
    location: class ChestTracker
  /home/ryvione/Documents/Mods/chunkbychunk/Common/src/main/java/xyz/immortius/chunkbychunk/server/ServerEventHandler.java:238: error: cannot find symbol
              source = new MultiNoiseBiomeSource.Preset(biomeDimId, biomeReg -> {
                                                ^
    symbol:   class Preset
    location: class MultiNoiseBiomeSource
  /home/ryvione/Documents/Mods/chunkbychunk/Common/src/main/java/xyz/immortius/chunkbychunk/server/ServerEventHandler.java:426: error: cannot find symbol
          Map<ResourceLocation, Resource> resources = resourceManager.listResources(ChunkByChunkConstants.SCANNER_DATA_PATH, r -> !r.getPath().isEmpty() && !ChunkByChunkConstants.SCANNER_DATA_PATH.equals(r.getPath()));
                                ^
    symbol:   class Resource
    location: class ServerEventHandler
  /home/ryvione/Documents/Mods/chunkbychunk/Common/src/main/java/xyz/immortius/chunkbychunk/server/ServerEventHandler.java:427: error: cannot find symbol
          for (Map.Entry<ResourceLocation, Resource> entry : resources.entrySet()) {
                                           ^
    symbol:   class Resource
    location: class ServerEventHandler
  /home/ryvione/Documents/Mods/chunkbychunk/Common/src/main/java/xyz/immortius/chunkbychunk/server/ServerEventHandler.java:429: error: cannot find symbol
              Resource resource = entry.getValue();
              ^
    symbol:   class Resource
    location: class ServerEventHandler
  /home/ryvione/Documents/Mods/chunkbychunk/Common/src/main/java/xyz/immortius/chunkbychunk/server/world/SkyChunkGenerator.java:225: error: method does not override or implement a method from a supertype
      @Override
      ^
  /home/ryvione/Documents/Mods/chunkbychunk/Common/src/main/java/xyz/immortius/chunkbychunk/server/world/SkyChunkGenerator.java:230: error: method does not override or implement a method from a supertype
      @Override
      ^
  /home/ryvione/Documents/Mods/chunkbychunk/Common/src/main/java/xyz/immortius/chunkbychunk/server/world/SkyChunkGenerator.java:300: error: method does not override or implement a method from a supertype
      @Override
      ^
  /home/ryvione/Documents/Mods/chunkbychunk/Common/src/main/java/xyz/immortius/chunkbychunk/common/jei/WorldForgeRecipeCategory.java:62: warning: [removal] getBackground() in IRecipeCategory has been deprecated and marked for removal
      public IDrawable getBackground() {
                       ^
  /home/ryvione/Documents/Mods/chunkbychunk/Common/src/main/java/xyz/immortius/chunkbychunk/common/jei/WorldMenderRecipeCategory.java:46: warning: [removal] getBackground() in IRecipeCategory has been deprecated and marked for removal
      public IDrawable getBackground() {
                       ^
  /home/ryvione/Documents/Mods/chunkbychunk/Common/src/main/java/xyz/immortius/chunkbychunk/common/jei/WorldScannerRecipeCategory.java:58: warning: [removal] getBackground() in IRecipeCategory has been deprecated and marked for removal
      public IDrawable getBackground() {
                       ^
  Note: Some messages have been simplified; recompile with -Xdiags:verbose to get full output
  /home/ryvione/Documents/Mods/chunkbychunk/Common/src/main/java/xyz/immortius/chunkbychunk/server/ServerEventHandler.java:117: error: cannot find symbol
          WorldGenSettings worldGenSettings = server.getWorldData().worldGenSettings();
                                                                   ^
    symbol:   method worldGenSettings()
    location: interface WorldData
  /home/ryvione/Documents/Mods/chunkbychunk/Common/src/main/java/xyz/immortius/chunkbychunk/server/ServerEventHandler.java:140: error: cannot find symbol
                  if (DimensionType.getTeleportationScale(synchDim.typeHolder().value(), dimension.typeHolder().value()) > 1) {
                                                                  ^
    symbol:   method typeHolder()
    location: variable synchDim of type LevelStem
  /home/ryvione/Documents/Mods/chunkbychunk/Common/src/main/java/xyz/immortius/chunkbychunk/server/ServerEventHandler.java:140: error: cannot find symbol
                  if (DimensionType.getTeleportationScale(synchDim.typeHolder().value(), dimension.typeHolder().value()) > 1) {
                                                                                                  ^
    symbol:   method typeHolder()
    location: variable dimension of type LevelStem
  /home/ryvione/Documents/Mods/chunkbychunk/Common/src/main/java/xyz/immortius/chunkbychunk/server/ServerEventHandler.java:174: error: cannot find symbol
          Holder<DimensionType> themeDimensionType = level.typeHolder();
                                                          ^
    symbol:   method typeHolder()
    location: variable level of type LevelStem
  /home/ryvione/Documents/Mods/chunkbychunk/Common/src/main/java/xyz/immortius/chunkbychunk/server/ServerEventHandler.java:195: error: cannot find symbol
              generationLevel = new LevelStem(level.typeHolder(), rootGenerator);
                                                   ^
    symbol:   method typeHolder()
    location: variable level of type LevelStem
  /home/ryvione/Documents/Mods/chunkbychunk/Common/src/main/java/xyz/immortius/chunkbychunk/server/ServerEventHandler.java:202: error: cannot find symbol
              LevelStem newLevelStem = new LevelStem(level.typeHolder(), skyGenerator);
                                                          ^
    symbol:   method typeHolder()
    location: variable level of type LevelStem
  /home/ryvione/Documents/Mods/chunkbychunk/Common/src/main/java/xyz/immortius/chunkbychunk/server/ServerEventHandler.java:204: error: cannot find symbol
              dimensions.registerOrOverride(OptionalInt.of(dimensionsId), ResourceKey.create(Registries.LEVEL_STEM, ResourceLocation.parse(config.dimensionId)), newLevelStem, Lifecycle.stable());
                        ^
    symbol:   method registerOrOverride(OptionalInt,ResourceKey<LevelStem>,LevelStem,Lifecycle)
    location: variable dimensions of type MappedRegistry<LevelStem>
  /home/ryvione/Documents/Mods/chunkbychunk/Common/src/main/java/xyz/immortius/chunkbychunk/server/ServerEventHandler.java:249: error: cannot find symbol
          dimensions.registerOrOverride(OptionalInt.empty(), levelKey, biomeLevel, Lifecycle.stable());
                    ^
    symbol:   method registerOrOverride(OptionalInt,ResourceKey<LevelStem>,LevelStem,Lifecycle)
    location: variable dimensions of type MappedRegistry<LevelStem>
  /home/ryvione/Documents/Mods/chunkbychunk/Common/src/main/java/xyz/immortius/chunkbychunk/server/ServerEventHandler.java:347: error: cannot find symbol
                  Pair<BlockPos, Holder<Biome>> location = overworldLevel.findNearestBiome(x -> tagSet.get().contains(x), spawnPos, 6400, 8);
                                                                         ^
    symbol:   method findNearestBiome((x)->tagSe[...]ns(x),BlockPos,int,int)
    location: variable overworldLevel of type ServerLevel
  /home/ryvione/Documents/Mods/chunkbychunk/Common/src/main/java/xyz/immortius/chunkbychunk/server/ServerEventHandler.java:358: error: cannot find symbol
                  Pair<BlockPos, Holder<Biome>> location = overworldLevel.findNearestBiome(x -> x.value().equals(biome), spawnPos, 6400, 8);
                                                                         ^
    symbol:   method findNearestBiome((x)->x.val[...]iome),BlockPos,int,int)
    location: variable overworldLevel of type ServerLevel
  /home/ryvione/Documents/Mods/chunkbychunk/Common/src/main/java/xyz/immortius/chunkbychunk/server/ServerEventHandler.java:375: error: cannot find symbol
              Pair<BlockPos, Holder<Structure>> nearest = generationLevel.getChunkSource().getGenerator().findNearestMapFeature(generationLevel, holders, spawnPos, 100, false);
                                                                                                         ^
    symbol:   method findNearestMapFeature(ServerLevel,HolderSet<Structure>,BlockPos,int,boolean)
    location: class ChunkGenerator
  40 errors
  3 warnings

* Try:
> Check your code and dependencies to fix the compilation error(s)
> Run with --scan to get full insights.

BUILD FAILED in 1s
12:55:19: Execution finished 'build'.
